0 info it worked if it ends with ok
1 verbose cli [ 'C:\\Program Files\\nodejs\\node.exe',
1 verbose cli   'C:\\Program Files\\nodejs\\node_modules\\npm\\bin\\npm-cli.js',
1 verbose cli   'start' ]
2 info using npm@3.10.3
3 info using node@v6.3.1
4 verbose run-script [ 'prestart', 'start', 'poststart' ]
5 info lifecycle shopping-cart@0.0.0~prestart: shopping-cart@0.0.0
6 silly lifecycle shopping-cart@0.0.0~prestart: no script for prestart, continuing
7 info lifecycle shopping-cart@0.0.0~start: shopping-cart@0.0.0
8 verbose lifecycle shopping-cart@0.0.0~start: unsafe-perm in lifecycle true
9 verbose lifecycle shopping-cart@0.0.0~start: PATH: C:\Program Files\nodejs\node_modules\npm\bin\node-gyp-bin;C:\Users\578075\shopping-cart\node_modules\.bin;C:\Program Files\nodejs;C:\ProgramData\Oracle\Java\javapath;D:\app\client\unameit\product\12.1.0\client_1\bin;C:\Program Files\Teradata\Teradata Performance Monitor Object 15.00\;C:\Program Files\Teradata\Client\15.00\ODBC Driver for Teradata\Lib\;C:\Program Files\Teradata\Client\15.00\bin\;d:\Informatica\9.5.1\clients\DT\bin;d:\Informatica\9.5.1\clients\tools\datadirect;d:\Informatica\9.5.1\clients\tools\odbcdrv;C:\oraclexe\app\oracle\product\10.2.0\server\bin;C:\oracle\product\10.2.0\client_1\bin;C:\Windows\system32;C:\Windows;C:\Windows\System32\Wbem;C:\Windows\System32\WindowsPowerShell\v1.0\;C:\Program Files\TortoiseSVN\bin;C:\Program Files\Microsoft Application Virtualization Client;c:\Program Files\Microsoft SQL Server\100\Tools\Binn\;c:\Program Files\Microsoft SQL Server\100\DTS\Binn\;c:\Program Files\Microsoft SQL Server\100\Tools\Binn\VSShell\Common7\IDE\;c:\Program Files\Microsoft Visual Studio 9.0\Common7\IDE\PrivateAssemblies\;C:\Program Files\Java\jdk1.6.0_02\bin;C:\Program Files\Teradata\Client\15.00\tdwallet\nt-i386\;C:\Program Files\nodejs\;C:\Users\578075\AppData\Roaming\npm
10 verbose lifecycle shopping-cart@0.0.0~start: CWD: C:\Users\578075\shopping-cart
11 silly lifecycle shopping-cart@0.0.0~start: Args: [ '/d /s /c', 'node ./bin/www' ]
12 silly lifecycle shopping-cart@0.0.0~start: Returned: code: 1  signal: null
13 info lifecycle shopping-cart@0.0.0~start: Failed to exec start script
14 verbose stack Error: shopping-cart@0.0.0 start: `node ./bin/www`
14 verbose stack Exit status 1
14 verbose stack     at EventEmitter.<anonymous> (C:\Program Files\nodejs\node_modules\npm\lib\utils\lifecycle.js:242:16)
14 verbose stack     at emitTwo (events.js:106:13)
14 verbose stack     at EventEmitter.emit (events.js:191:7)
14 verbose stack     at ChildProcess.<anonymous> (C:\Program Files\nodejs\node_modules\npm\lib\utils\spawn.js:40:14)
14 verbose stack     at emitTwo (events.js:106:13)
14 verbose stack     at ChildProcess.emit (events.js:191:7)
14 verbose stack     at maybeClose (internal/child_process.js:852:16)
14 verbose stack     at Process.ChildProcess._handle.onexit (internal/child_process.js:215:5)
15 verbose pkgid shopping-cart@0.0.0
16 verbose cwd C:\Users\578075\shopping-cart
17 error Windows_NT 6.1.7601
18 error argv "C:\\Program Files\\nodejs\\node.exe" "C:\\Program Files\\nodejs\\node_modules\\npm\\bin\\npm-cli.js" "start"
19 error node v6.3.1
20 error npm  v3.10.3
21 error code ELIFECYCLE
22 error shopping-cart@0.0.0 start: `node ./bin/www`
22 error Exit status 1
23 error Failed at the shopping-cart@0.0.0 start script 'node ./bin/www'.
23 error Make sure you have the latest version of node.js and npm installed.
23 error If you do, this is most likely a problem with the shopping-cart package,
23 error not with npm itself.
23 error Tell the author that this fails on your system:
23 error     node ./bin/www
23 error You can get information on how to open an issue for this project with:
23 error     npm bugs shopping-cart
23 error Or if that isn't available, you can get their info via:
23 error     npm owner ls shopping-cart
23 error There is likely additional logging output above.
24 verbose exit [ 1, true ]
